<?xml version="1.0" encoding="UTF-8"?>
<!-- Generated by org.testng.reporters.JUnitReportReporter -->
<testsuite hostname="Rishis-MacBook-Air.local" failures="0" tests="1" name="PutRequest" time="1.456" errors="0" timestamp="2022-03-31T21:08:28 IST" skipped="0">
  <testcase classname="PutRequest" name="put_request" time="1.456"/>
  <system-out/>
</testsuite> <!-- PutRequest -->
